<?xml version="1.0" encoding="UTF-8" standalone="no"?>
<testsuite failures="0" name="cucumber.runtime.formatter.JUnitFormatter" skipped="0" tests="1" time="45.932103">
    <testcase classname="" name="_2" time="45.932103">
        <system-out><![CDATA[Given To pass the email and passward........................................passed
When To click login button..................................................passed
]]></system-out>
    </testcase>
</testsuite>
